# JRE version: OpenJDK Runtime Environment (8.0_242-b01) (build 1.8.0_242-release-1644-b01)
# Java VM: OpenJDK 64-Bit Server VM (25.242-b01 mixed mode windows-amd64 compressed oops)
Heap:
 PSYoungGen      total 172544K, used 82181K [0x00000000d5580000, 0x00000000e1000000, 0x0000000100000000)
  eden space 163328K, 44% used [0x00000000d5580000,0x00000000d9ccbae0,0x00000000df500000)
  from space 9216K, 99% used [0x00000000e0700000,0x00000000e0ff5958,0x00000000e1000000)
  to   space 12800K, 0% used [0x00000000df700000,0x00000000df700000,0x00000000e0380000)
 ParOldGen       total 77824K, used 17430K [0x0000000080000000, 0x0000000084c00000, 0x00000000d5580000)
  object space 77824K, 22% used [0x0000000080000000,0x0000000081105bc8,0x0000000084c00000)
 Metaspace       used 46527K, capacity 48340K, committed 48680K, reserved 1091584K
  class space    used 6285K, capacity 6642K, committed 6704K, reserved 1048576K
GC Heap History (10 events):
Event: 5.357 GC heap before
{Heap before GC invocations=8 (full 1):
 PSYoungGen      total 75264K, used 3904K [0x00000000d5580000, 0x00000000de880000, 0x0000000100000000)
  eden space 64512K, 0% used [0x00000000d5580000,0x00000000d5580000,0x00000000d9480000)
  from space 10752K, 36% used [0x00000000d9480000,0x00000000d9850030,0x00000000d9f00000)
  to   space 10752K, 0% used [0x00000000dde00000,0x00000000dde00000,0x00000000de880000)
 ParOldGen       total 86016K, used 8420K [0x0000000080000000, 0x0000000085400000, 0x00000000d5580000)
  object space 86016K, 9% used [0x0000000080000000,0x0000000080839270,0x0000000085400000)
 Metaspace       used 20582K, capacity 21224K, committed 21296K, reserved 1067008K
  class space    used 2873K, capacity 3076K, committed 3120K, reserved 1048576K
Event: 5.406 GC heap after
Heap after GC invocations=8 (full 1):
 PSYoungGen      total 75264K, used 0K [0x00000000d5580000, 0x00000000de880000, 0x0000000100000000)
  eden space 64512K, 0% used [0x00000000d5580000,0x00000000d5580000,0x00000000d9480000)
  from space 10752K, 0% used [0x00000000d9480000,0x00000000d9480000,0x00000000d9f00000)
  to   space 10752K, 0% used [0x00000000dde00000,0x00000000dde00000,0x00000000de880000)
 ParOldGen       total 49664K, used 6775K [0x0000000080000000, 0x0000000083080000, 0x00000000d5580000)
  object space 49664K, 13% used [0x0000000080000000,0x000000008069dea0,0x0000000083080000)
 Metaspace       used 20582K, capacity 21224K, committed 21296K, reserved 1067008K
  class space    used 2873K, capacity 3076K, committed 3120K, reserved 1048576K
}
Event: 6.760 GC heap before
{Heap before GC invocations=9 (full 1):
 PSYoungGen      total 75264K, used 64512K [0x00000000d5580000, 0x00000000de880000, 0x0000000100000000)
  eden space 64512K, 100% used [0x00000000d5580000,0x00000000d9480000,0x00000000d9480000)
  from space 10752K, 0% used [0x00000000d9480000,0x00000000d9480000,0x00000000d9f00000)
  to   space 10752K, 0% used [0x00000000dde00000,0x00000000dde00000,0x00000000de880000)
 ParOldGen       total 49664K, used 6775K [0x0000000080000000, 0x0000000083080000, 0x00000000d5580000)
  object space 49664K, 13% used [0x0000000080000000,0x000000008069dea0,0x0000000083080000)
 Metaspace       used 28424K, capacity 29278K, committed 29616K, reserved 1075200K
  class space    used 3930K, capacity 4155K, committed 4272K, reserved 1048576K
Event: 6.770 GC heap after
Heap after GC invocations=9 (full 1):
 PSYoungGen      total 123904K, used 7955K [0x00000000d5580000, 0x00000000de600000, 0x0000000100000000)
  eden space 115712K, 0% used [0x00000000d5580000,0x00000000d5580000,0x00000000dc680000)
  from space 8192K, 97% used [0x00000000dde00000,0x00000000de5c4cd0,0x00000000de600000)
  to   space 11264K, 0% used [0x00000000dd000000,0x00000000dd000000,0x00000000ddb00000)
 ParOldGen       total 49664K, used 6783K [0x0000000080000000, 0x0000000083080000, 0x00000000d5580000)
  object space 49664K, 13% used [0x0000000080000000,0x000000008069fea0,0x0000000083080000)
 Metaspace       used 28424K, capacity 29278K, committed 29616K, reserved 1075200K
  class space    used 3930K, capacity 4155K, committed 4272K, reserved 1048576K
}
Event: 8.973 GC heap before
{Heap before GC invocations=10 (full 1):
 PSYoungGen      total 123904K, used 105788K [0x00000000d5580000, 0x00000000de600000, 0x0000000100000000)
  eden space 115712K, 84% used [0x00000000d5580000,0x00000000db50a550,0x00000000dc680000)
  from space 8192K, 97% used [0x00000000dde00000,0x00000000de5c4cd0,0x00000000de600000)
  to   space 11264K, 0% used [0x00000000dd000000,0x00000000dd000000,0x00000000ddb00000)
 ParOldGen       total 49664K, used 6783K [0x0000000080000000, 0x0000000083080000, 0x00000000d5580000)
  object space 49664K, 13% used [0x0000000080000000,0x000000008069fea0,0x0000000083080000)
 Metaspace       used 34278K, capacity 35414K, committed 35496K, reserved 1079296K
  class space    used 4710K, capacity 5002K, committed 5040K, reserved 1048576K
Event: 9.008 GC heap after
Heap after GC invocations=10 (full 1):
 PSYoungGen      total 136704K, used 11181K [0x00000000d5580000, 0x00000000e1380000, 0x0000000100000000)
  eden space 125440K, 0% used [0x00000000d5580000,0x00000000d5580000,0x00000000dd000000)
  from space 11264K, 99% used [0x00000000dd000000,0x00000000ddaeb798,0x00000000ddb00000)
  to   space 12800K, 0% used [0x00000000e0700000,0x00000000e0700000,0x00000000e1380000)
 ParOldGen       total 49664K, used 6791K [0x0000000080000000, 0x0000000083080000, 0x00000000d5580000)
  object space 49664K, 13% used [0x0000000080000000,0x00000000806a1ea0,0x0000000083080000)
 Metaspace       used 34278K, capacity 35414K, committed 35496K, reserved 1079296K
  class space    used 4710K, capacity 5002K, committed 5040K, reserved 1048576K
}
Event: 9.008 GC heap before
{Heap before GC invocations=11 (full 2):
 PSYoungGen      total 136704K, used 11181K [0x00000000d5580000, 0x00000000e1380000, 0x0000000100000000)
  eden space 125440K, 0% used [0x00000000d5580000,0x00000000d5580000,0x00000000dd000000)
  from space 11264K, 99% used [0x00000000dd000000,0x00000000ddaeb798,0x00000000ddb00000)
  to   space 12800K, 0% used [0x00000000e0700000,0x00000000e0700000,0x00000000e1380000)
 ParOldGen       total 49664K, used 6791K [0x0000000080000000, 0x0000000083080000, 0x00000000d5580000)
  object space 49664K, 13% used [0x0000000080000000,0x00000000806a1ea0,0x0000000083080000)
 Metaspace       used 34278K, capacity 35414K, committed 35496K, reserved 1079296K
  class space    used 4710K, capacity 5002K, committed 5040K, reserved 1048576K
Event: 9.152 GC heap after
Heap after GC invocations=11 (full 2):
 PSYoungGen      total 136704K, used 0K [0x00000000d5580000, 0x00000000e1380000, 0x0000000100000000)
  eden space 125440K, 0% used [0x00000000d5580000,0x00000000d5580000,0x00000000dd000000)
  from space 11264K, 0% used [0x00000000dd000000,0x00000000dd000000,0x00000000ddb00000)
  to   space 12800K, 0% used [0x00000000e0700000,0x00000000e0700000,0x00000000e1380000)
 ParOldGen       total 77824K, used 17422K [0x0000000080000000, 0x0000000084c00000, 0x00000000d5580000)
  object space 77824K, 22% used [0x0000000080000000,0x0000000081103bc8,0x0000000084c00000)
 Metaspace       used 34278K, capacity 35414K, committed 35496K, reserved 1079296K
  class space    used 4710K, capacity 5002K, committed 5040K, reserved 1048576K
}
Event: 12.000 GC heap before
{Heap before GC invocations=12 (full 2):
 PSYoungGen      total 136704K, used 125440K [0x00000000d5580000, 0x00000000e1380000, 0x0000000100000000)
  eden space 125440K, 100% used [0x00000000d5580000,0x00000000dd000000,0x00000000dd000000)
  from space 11264K, 0% used [0x00000000dd000000,0x00000000dd000000,0x00000000ddb00000)
  to   space 12800K, 0% used [0x00000000e0700000,0x00000000e0700000,0x00000000e1380000)
 ParOldGen       total 77824K, used 17422K [0x0000000080000000, 0x0000000084c00000, 0x00000000d5580000)
  object space 77824K, 22% used [0x0000000080000000,0x0000000081103bc8,0x0000000084c00000)
 Metaspace       used 39454K, capacity 41108K, committed 41384K, reserved 1085440K
  class space    used 5430K, capacity 5770K, committed 5808K, reserved 1048576K
Event: 12.021 GC heap after
Heap after GC invocations=12 (full 2):
 PSYoungGen      total 172544K, used 9174K [0x00000000d5580000, 0x00000000e1000000, 0x0000000100000000)
  eden space 163328K, 0% used [0x00000000d5580000,0x00000000d5580000,0x00000000df500000)
  from space 9216K, 99% used [0x00000000e0700000,0x00000000e0ff5958,0x00000000e1000000)
  to   space 12800K, 0% used [0x00000000df700000,0x00000000df700000,0x00000000e0380000)
 ParOldGen       total 77824K, used 17430K [0x0000000080000000, 0x0000000084c00000, 0x00000000d5580000)
  object space 77824K, 22% used [0x0000000080000000,0x0000000081105bc8,0x0000000084c00000)
 Metaspace       used 39454K, capacity 41108K, committed 41384K, reserved 1085440K
  class space    used 5430K, capacity 5770K, committed 5808K, reserved 1048576K
}

